

================================================================
== Vivado HLS Report for 'product_dense_ap_fixed_ap_fixed_ap_fixed_s'
================================================================
* Date:           Fri Jun 24 05:36:58 2022

* Version:        2019.2 (Build 2704478 on Wed Nov 06 22:10:23 MST 2019)
* Project:        myproject_prj
* Solution:       solution1
* Product family: zynquplus
* Target device:  xczu9eg-ffvb1156-2-e


================================================================
== Performance Estimates
================================================================
+ Timing: 
    * Summary: 
    +--------+---------+----------+------------+
    |  Clock |  Target | Estimated| Uncertainty|
    +--------+---------+----------+------------+
    |ap_clk  | 5.00 ns | 2.533 ns |   0.62 ns  |
    +--------+---------+----------+------------+

+ Latency: 
    * Summary: 
    +---------+---------+----------+----------+-----+-----+----------+
    |  Latency (cycles) |  Latency (absolute) |  Interval | Pipeline |
    |   min   |   max   |    min   |    max   | min | max |   Type   |
    +---------+---------+----------+----------+-----+-----+----------+
    |        0|        0|   0 ns   |   0 ns   |    1|    1| function |
    +---------+---------+----------+----------+-----+-----+----------+

    + Detail: 
        * Instance: 
        N/A

        * Loop: 
        N/A

============================================================
+ Verbose Summary: Synthesis Manager
============================================================
InlineROM: 1
ExposeGlobal: 0
============================================================
+ Verbose Summary: CDFG Model
============================================================
IsTopModel: 0
ResetActiveHigh: 1
IsCombinational: 0
IsDatapathOnly: 0
HasWiredReturn: 1
HasMFsm: 2
HasVarLatency: 0
IsPipeline: 1
IsRtlPipelined: 0
IsInstanceOverlapped: 0
IsDontTouch: 0
HasImplIP: 0
IsGatedGlobalClock: 0

+ Individual pipeline summary: 
  * Pipeline-0: initiation interval (II) = 1, depth = 1


============================================================
+ Verbose Summary: Schedule
============================================================
* Number of FSM states : 1
* Pipeline : 1
  Pipeline-0 : II = 1, D = 1, States = { 1 }
* Dataflow Pipeline: 0

* FSM state transitions: 
1 --> 

* FSM state operations: 

State 1 <SV = 0> <Delay = 2.53>
ST_1 : Operation 2 [1/1] (0.00ns)   --->   "%w_V_read = call i16 @_ssdm_op_Read.ap_auto.i16(i16 %w_V)" [firmware/nnet_utils/nnet_dense_resource.h:37]   --->   Operation 2 'read' 'w_V_read' <Predicate = true> <Delay = 0.00>
ST_1 : Operation 3 [1/1] (0.00ns)   --->   "%a_V_read = call i16 @_ssdm_op_Read.ap_auto.i16(i16 %a_V)" [firmware/nnet_utils/nnet_dense_resource.h:37]   --->   Operation 3 'read' 'a_V_read' <Predicate = true> <Delay = 0.00>
ST_1 : Operation 4 [1/1] (0.00ns)   --->   "%sext_ln1116 = sext i16 %a_V_read to i18" [firmware/nnet_utils/nnet_dense_resource.h:37]   --->   Operation 4 'sext' 'sext_ln1116' <Predicate = true> <Delay = 0.00>
ST_1 : Operation 5 [1/1] (0.00ns)   --->   "%sext_ln1118 = sext i16 %w_V_read to i18" [firmware/nnet_utils/nnet_dense_resource.h:37]   --->   Operation 5 'sext' 'sext_ln1118' <Predicate = true> <Delay = 0.00>
ST_1 : Operation 6 [1/1] (2.53ns) (root node of the DSP)   --->   "%r_V = mul i18 %sext_ln1118, %sext_ln1116" [firmware/nnet_utils/nnet_dense_resource.h:37]   --->   Operation 6 'mul' 'r_V' <Predicate = true> <Delay = 2.53> <Core = "DSP48">   --->   Core 88 'DSP48' <Latency = 0> <II = 1> <Delay = 2.53> <IPBlock> <Opcode : 'mul' 'add' 'sub' 'select'> <InPorts = 2> <OutPorts = 1> <Sync> <CReg>
ST_1 : Operation 7 [1/1] (0.00ns)   --->   "%trunc_ln = call i16 @_ssdm_op_PartSelect.i16.i18.i32.i32(i18 %r_V, i32 2, i32 17)" [firmware/nnet_utils/nnet_dense_resource.h:37]   --->   Operation 7 'partselect' 'trunc_ln' <Predicate = true> <Delay = 0.00>
ST_1 : Operation 8 [1/1] (0.00ns)   --->   "ret i16 %trunc_ln" [firmware/nnet_utils/nnet_dense_resource.h:37]   --->   Operation 8 'ret' <Predicate = true> <Delay = 0.00>


============================================================
+ Verbose Summary: Timing violations
============================================================
Target clock period: 5ns, clock uncertainty: 0.625ns.

 <State 1>: 2.53ns
The critical path consists of the following:
	wire read on port 'w_V' (firmware/nnet_utils/nnet_dense_resource.h:37) [3]  (0 ns)
	'mul' operation of DSP[7] ('r.V', firmware/nnet_utils/nnet_dense_resource.h:37) [7]  (2.53 ns)


============================================================
+ Verbose Summary: Binding
============================================================
N/A
* FSMD analyzer results:
  - Output states:
 - Input state : 
  - Chain level:
	State 1


============================================================
+ Verbose Summary: Datapath Resource usage 
============================================================
N/A
